#-----------------------------------------------------------
# Vivado v2018.3 (64-bit)
# SW Build 2405991 on Thu Dec  6 23:38:27 MST 2018
# IP Build 2404404 on Fri Dec  7 01:43:56 MST 2018
# Start of session at: Wed Oct 30 20:50:12 2019
# Process ID: 3556
# Current directory: C:/Users/gaiya/Desktop/lab2-sd/SequenceDetector/lab2-sd
# Command line: vivado.exe -gui_launcher_event rodinguilauncherevent6016 C:\Users\gaiya\Desktop\lab2-sd\SequenceDetector\lab2-sd\SequenceDetector.xpr
# Log file: C:/Users/gaiya/Desktop/lab2-sd/SequenceDetector/lab2-sd/vivado.log
# Journal file: C:/Users/gaiya/Desktop/lab2-sd/SequenceDetector/lab2-sd\vivado.jou
#-----------------------------------------------------------
start_gui
open_project C:/Users/gaiya/Desktop/lab2-sd/SequenceDetector/lab2-sd/SequenceDetector.xpr
INFO: [Project 1-313] Project file moved from 'C:/Users/gaiya/Desktop/lab2-sd' since last save.
Scanning sources...
Finished scanning sources
INFO: [IP_Flow 19-234] Refreshing IP repositories
INFO: [IP_Flow 19-1704] No user IP repositories specified
INFO: [IP_Flow 19-2313] Loaded Vivado IP repository 'C:/Xilinx/Vivado/2018.3/data/ip'.
update_compile_order -fileset sources_1
exit
INFO: [Common 17-206] Exiting Vivado at Wed Oct 30 22:31:49 2019...
