#-----------------------------------------------------------
# Vivado v2018.3 (64-bit)
# SW Build 2405991 on Thu Dec  6 23:38:27 MST 2018
# IP Build 2404404 on Fri Dec  7 01:43:56 MST 2018
# Start of session at: Wed Oct 30 14:43:28 2019
# Process ID: 2196
# Current directory: C:/Users/gaiya/Desktop/lab2-sd
# Command line: vivado.exe -gui_launcher_event rodinguilauncherevent1552 C:\Users\gaiya\Desktop\lab2-sd\SequenceDetector.xpr
# Log file: C:/Users/gaiya/Desktop/lab2-sd/vivado.log
# Journal file: C:/Users/gaiya/Desktop/lab2-sd\vivado.jou
#-----------------------------------------------------------
start_gui
open_project C:/Users/gaiya/Desktop/lab2-sd/SequenceDetector.xpr
Scanning sources...
Finished scanning sources
INFO: [IP_Flow 19-234] Refreshing IP repositories
INFO: [IP_Flow 19-1704] No user IP repositories specified
INFO: [IP_Flow 19-2313] Loaded Vivado IP repository 'C:/Xilinx/Vivado/2018.3/data/ip'.
open_project: Time (s): cpu = 00:00:13 ; elapsed = 00:00:05 . Memory (MB): peak = 736.633 ; gain = 122.117
update_compile_order -fileset sources_1
exit
INFO: [Common 17-206] Exiting Vivado at Wed Oct 30 14:56:07 2019...
