#-----------------------------------------------------------
# Vivado v2018.3 (64-bit)
# SW Build 2405991 on Thu Dec  6 23:38:27 MST 2018
# IP Build 2404404 on Fri Dec  7 01:43:56 MST 2018
# Start of session at: Fri Nov  1 14:14:30 2019
# Process ID: 6964
# Current directory: C:/Users/gaiya/Desktop/lab2-sd/DNA/DNA_Sequence
# Command line: vivado.exe -gui_launcher_event rodinguilauncherevent3928 C:\Users\gaiya\Desktop\lab2-sd\DNA\DNA_Sequence\DNA_Sequence.xpr
# Log file: C:/Users/gaiya/Desktop/lab2-sd/DNA/DNA_Sequence/vivado.log
# Journal file: C:/Users/gaiya/Desktop/lab2-sd/DNA/DNA_Sequence\vivado.jou
#-----------------------------------------------------------
start_gui
open_project C:/Users/gaiya/Desktop/lab2-sd/DNA/DNA_Sequence/DNA_Sequence.xpr
Scanning sources...
Finished scanning sources
INFO: [IP_Flow 19-234] Refreshing IP repositories
INFO: [IP_Flow 19-1704] No user IP repositories specified
INFO: [IP_Flow 19-2313] Loaded Vivado IP repository 'C:/Xilinx/Vivado/2018.3/data/ip'.
update_compile_order -fileset sources_1
file mkdir C:/Users/gaiya/Desktop/lab2-sd/DNA/DNA_Sequence/DNA_Sequence.srcs/sim_1/new
set_property SOURCE_SET sources_1 [get_filesets sim_1]
close [ open C:/Users/gaiya/Desktop/lab2-sd/DNA/DNA_Sequence/DNA_Sequence.srcs/sim_1/new/dna_tb.vhd w ]
add_files -fileset sim_1 C:/Users/gaiya/Desktop/lab2-sd/DNA/DNA_Sequence/DNA_Sequence.srcs/sim_1/new/dna_tb.vhd
update_compile_order -fileset sim_1
open_hw
connect_hw_server
INFO: [Labtools 27-2285] Connecting to hw_server url TCP:localhost:3121
open_hw_target
INFO: [Labtoolstcl 44-466] Opening hw_target localhost:3121/xilinx_tcf/Digilent/210351A7800DA
open_hw_target: Time (s): cpu = 00:00:03 ; elapsed = 00:00:05 . Memory (MB): peak = 1721.508 ; gain = 751.551
set_property PROGRAM.FILE {C:/Users/gaiya/Desktop/lab2-sd/DNA/DNA_Sequence/DNA_Sequence.runs/impl_1/dna.bit} [get_hw_devices xc7z010_1]
current_hw_device [get_hw_devices xc7z010_1]
refresh_hw_device -update_hw_probes false [lindex [get_hw_devices xc7z010_1] 0]
INFO: [Labtools 27-1434] Device xc7z010 (JTAG device index = 1) is programmed with a design that has no supported debug core(s) in it.
set_property PROBES.FILE {} [get_hw_devices xc7z010_1]
set_property FULL_PROBES.FILE {} [get_hw_devices xc7z010_1]
set_property PROGRAM.FILE {C:/Users/gaiya/Desktop/lab2-sd/DNA/DNA_Sequence/DNA_Sequence.runs/impl_1/dna.bit} [get_hw_devices xc7z010_1]
program_hw_devices [get_hw_devices xc7z010_1]
INFO: [Labtools 27-3164] End of startup status: HIGH
refresh_hw_device [lindex [get_hw_devices xc7z010_1] 0]
INFO: [Labtools 27-1434] Device xc7z010 (JTAG device index = 1) is programmed with a design that has no supported debug core(s) in it.
ERROR: [Labtoolstcl 44-513] HW Target shutdown. Closing target: localhost:3121/xilinx_tcf/Digilent/210351A7800DA
INFO: [Labtoolstcl 44-466] Opening hw_target localhost:3121/xilinx_tcf/Digilent/210351A7800DA
WARNING: [Labtoolstcl 44-129] No matching hw_ila_data was found.
INFO: [Labtools 27-1434] Device xc7z010 (JTAG device index = 1) is programmed with a design that has no supported debug core(s) in it.
WARNING: [Labtoolstcl 44-129] No matching hw_ila_data was found.
set_property PROBES.FILE {} [get_hw_devices xc7z010_1]
set_property FULL_PROBES.FILE {} [get_hw_devices xc7z010_1]
set_property PROGRAM.FILE {C:/Users/gaiya/Desktop/lab2-sd/DNA/DNA_Sequence/DNA_Sequence.runs/impl_1/dna.bit} [get_hw_devices xc7z010_1]
program_hw_devices [get_hw_devices xc7z010_1]
INFO: [Labtools 27-3164] End of startup status: HIGH
refresh_hw_device [lindex [get_hw_devices xc7z010_1] 0]
INFO: [Labtools 27-1434] Device xc7z010 (JTAG device index = 1) is programmed with a design that has no supported debug core(s) in it.
set_property PROBES.FILE {} [get_hw_devices xc7z010_1]
set_property FULL_PROBES.FILE {} [get_hw_devices xc7z010_1]
set_property PROGRAM.FILE {C:/Users/gaiya/Desktop/lab2-sd/DNA/DNA_Sequence/DNA_Sequence.runs/impl_1/dna.bit} [get_hw_devices xc7z010_1]
program_hw_devices [get_hw_devices xc7z010_1]
INFO: [Labtools 27-3164] End of startup status: HIGH
refresh_hw_device [lindex [get_hw_devices xc7z010_1] 0]
INFO: [Labtools 27-1434] Device xc7z010 (JTAG device index = 1) is programmed with a design that has no supported debug core(s) in it.
launch_simulation
INFO: [Vivado 12-5682] Launching behavioral simulation in 'C:/Users/gaiya/Desktop/lab2-sd/DNA/DNA_Sequence/DNA_Sequence.sim/sim_1/behav/xsim'
INFO: [SIM-utils-51] Simulation object is 'sim_1'
INFO: [SIM-utils-54] Inspecting design source files for 'dna' in fileset 'sim_1'...
INFO: [USF-XSim-97] Finding global include files...
INFO: [USF-XSim-98] Fetching design files from 'sim_1'...
INFO: [USF-XSim-2] XSim::Compile design
INFO: [USF-XSim-61] Executing 'COMPILE and ANALYZE' step in 'C:/Users/gaiya/Desktop/lab2-sd/DNA/DNA_Sequence/DNA_Sequence.sim/sim_1/behav/xsim'
"xvhdl --incr --relax -prj dna_vhdl.prj"
INFO: [Common 17-41] Interrupt caught. Command should exit soon.
INFO: [VRFC 10-163] Analyzing VHDL file "C:/Users/gaiya/Desktop/lab2-sd/DNA/DNA_Sequence/DNA_Sequence.srcs/sources_1/new/clock_divider.vhd" into library xil_defaultlib
INFO: [VRFC 10-3107] analyzing entity 'clock_divider'
INFO: [VRFC 10-163] Analyzing VHDL file "C:/Users/gaiya/Desktop/lab2-sd/DNA/DNA_Sequence/DNA_Sequence.srcs/sources_1/new/dna.vhd" into library xil_defaultlib
INFO: [VRFC 10-3107] analyzing entity 'dna'
INFO: [Common 17-344] 'run_program' was cancelled
INFO: [Vivado 12-5357] 'compile' step aborted
INFO: [Common 17-344] 'launch_simulation' was cancelled
reset_run synth_1
WARNING: [Vivado 12-1017] Problems encountered:
1. Failed to delete one or more files in run directory C:/Users/gaiya/Desktop/lab2-sd/DNA/DNA_Sequence/DNA_Sequence.runs/synth_1

launch_runs synth_1 -jobs 4
[Fri Nov  1 15:14:55 2019] Launched synth_1...
Run output will be captured here: C:/Users/gaiya/Desktop/lab2-sd/DNA/DNA_Sequence/DNA_Sequence.runs/synth_1/runme.log
launch_runs impl_1 -jobs 4
[Fri Nov  1 15:15:27 2019] Launched impl_1...
Run output will be captured here: C:/Users/gaiya/Desktop/lab2-sd/DNA/DNA_Sequence/DNA_Sequence.runs/impl_1/runme.log
launch_runs impl_1 -to_step write_bitstream -jobs 4
[Fri Nov  1 15:16:20 2019] Launched impl_1...
Run output will be captured here: C:/Users/gaiya/Desktop/lab2-sd/DNA/DNA_Sequence/DNA_Sequence.runs/impl_1/runme.log
open_run impl_1
INFO: [Netlist 29-17] Analyzing 12 Unisim elements for replacement
INFO: [Netlist 29-28] Unisim Transformation completed in 0 CPU seconds
INFO: [Project 1-479] Netlist was created with Vivado 2018.3
INFO: [Device 21-403] Loading part xc7z010clg400-1
INFO: [Project 1-570] Preparing netlist for logic optimization
INFO: [Timing 38-478] Restoring timing data from binary archive.
INFO: [Timing 38-479] Binary timing data restore complete.
INFO: [Project 1-856] Restoring constraints from binary archive.
INFO: [Project 1-853] Binary constraint restore complete.
Reading XDEF placement.
Reading placer database...
Reading XDEF routing.
Read XDEF File: Time (s): cpu = 00:00:00 ; elapsed = 00:00:00.052 . Memory (MB): peak = 2598.234 ; gain = 0.000
Restored from archive | CPU: 0.000000 secs | Memory: 0.000000 MB |
Finished XDEF File Restore: Time (s): cpu = 00:00:00 ; elapsed = 00:00:00.052 . Memory (MB): peak = 2598.234 ; gain = 0.000
Netlist sorting complete. Time (s): cpu = 00:00:00 ; elapsed = 00:00:00 . Memory (MB): peak = 2598.234 ; gain = 0.000
INFO: [Project 1-111] Unisim Transformation Summary:
No Unisim elements were transformed.

open_run: Time (s): cpu = 00:00:27 ; elapsed = 00:00:24 . Memory (MB): peak = 2732.207 ; gain = 958.004
set_property PROBES.FILE {} [get_hw_devices xc7z010_1]
set_property FULL_PROBES.FILE {} [get_hw_devices xc7z010_1]
set_property PROGRAM.FILE {C:/Users/gaiya/Desktop/lab2-sd/DNA/DNA_Sequence/DNA_Sequence.runs/impl_1/dna.bit} [get_hw_devices xc7z010_1]
program_hw_devices [get_hw_devices xc7z010_1]
INFO: [Labtools 27-3164] End of startup status: HIGH
refresh_hw_device [lindex [get_hw_devices xc7z010_1] 0]
INFO: [Labtools 27-1434] Device xc7z010 (JTAG device index = 1) is programmed with a design that has no supported debug core(s) in it.
set_property PROBES.FILE {} [get_hw_devices xc7z010_1]
set_property FULL_PROBES.FILE {} [get_hw_devices xc7z010_1]
set_property PROGRAM.FILE {C:/Users/gaiya/Desktop/lab2-sd/DNA/DNA_Sequence/DNA_Sequence.runs/impl_1/dna.bit} [get_hw_devices xc7z010_1]
program_hw_devices [get_hw_devices xc7z010_1]
INFO: [Labtools 27-3164] End of startup status: HIGH
refresh_hw_device [lindex [get_hw_devices xc7z010_1] 0]
INFO: [Labtools 27-1434] Device xc7z010 (JTAG device index = 1) is programmed with a design that has no supported debug core(s) in it.
